<?xml version="1.0" encoding="UTF-8" ?>
<testsuite tests="21" failures="0" name="com.afowd.util.RandomUtilTest" time="40.638" errors="0" skipped="0">
  <properties>
[...]
</properties>
  <testcase classname="com.afowd.util.RandomUtilTest" name="getRandomBigInteger" time="3.29"/>
  <testcase classname="com.afowd.util.RandomUtilTest" name="getRandomInteger" time="0.342"/>
  <testcase classname="com.afowd.util.RandomUtilTest" name="getRandomChar1" time="0.19"/>
  <testcase classname="com.afowd.util.RandomUtilTest" name="getRandomFloat" time="3.79"/>
  <testcase classname="com.afowd.util.RandomUtilTest" name="getRandomNames" time="1.552"/>
  <testcase classname="com.afowd.util.RandomUtilTest" name="getRandomShort" time="0.338"/>
  <testcase classname="com.afowd.util.RandomUtilTest" name="getRandomPrimitiveByte" time="0.173"/>
  <testcase classname="com.afowd.util.RandomUtilTest" name="getRandomPrimitiveLong" time="0.235"/>
  <testcase classname="com.afowd.util.RandomUtilTest" name="getRandomByte" time="0.304"/>
  <testcase classname="com.afowd.util.RandomUtilTest" name="getRandomChar" time="0.016"/>
  <testcase classname="com.afowd.util.RandomUtilTest" name="getRandomDate" time="6.23"/>
  <testcase classname="com.afowd.util.RandomUtilTest" name="getRandomEnum" time="0.362"/>
  <testcase classname="com.afowd.util.RandomUtilTest" name="getRandomLong" time="0.409"/>
  <testcase classname="com.afowd.util.RandomUtilTest" name="getRandomUUID" time="1.692"/>
  <testcase classname="com.afowd.util.RandomUtilTest" name="getRandomPrimitiveInt" time="0"/>
  <testcase classname="com.afowd.util.RandomUtilTest" name="getRandomDouble" time="8.367"/>
  <testcase classname="com.afowd.util.RandomUtilTest" name="getRandomPrimitiveDouble" time="3.863"/>
  <testcase classname="com.afowd.util.RandomUtilTest" name="getRandomBoolean" time="0.232"/>
  <testcase classname="com.afowd.util.RandomUtilTest" name="getRandomPrimitiveFloat" time="5.613"/>
  <testcase classname="com.afowd.util.RandomUtilTest" name="getRandomPrimitiveShort" time="1.219"/>
  <testcase classname="com.afowd.util.RandomUtilTest" name="getRandomBigDecimal" time="2.292"/>
</testsuite>